<?xml version="1.0" encoding="UTF-8"?>
<!-- Generated by org.testng.reporters.JUnitXMLReporter -->
<testsuite ignored="2" hostname="LAPTOP-P0IKIE2B" failures="0" tests="2" name="Test" time="20.429" errors="0" timestamp="2022-06-13T14:21:23 IST">
  <testcase classname="TestCases.GroupTest" name="loginToAppTest" time="4.958"/>
  <testcase classname="TestCases.GroupTest" name="verifyZerodhaLogoTest" time="0.175"/>
  <testcase classname="TestCases.GroupTest" name="verifyKiteLogoTest" time="0.0">
    <ignored/>
  </testcase> <!-- verifyKiteLogoTest -->
  <testcase classname="TestCases.GroupTest" name="verifyTitleTest" time="0.0">
    <ignored/>
  </testcase> <!-- verifyTitleTest -->
</testsuite> <!-- Test -->
